<?xml version="1.0" encoding="UTF-8"?>
<!-- Generated by org.testng.reporters.JUnitXMLReporter -->
<testsuite ignored="2" hostname="Dell" failures="0" tests="2" name="Test" time="0.195" errors="0" timestamp="2021-05-06T08:34:38 IST">
  <testcase classname="basic.IncludeExclude" name="testcaseFour" time="0.009"/>
  <testcase classname="basic.IncludeExclude" name="testcaseOne" time="0.002"/>
  <testcase classname="basic.IncludeExclude" name="testcaseThree" time="0.0">
    <ignored/>
  </testcase> <!-- testcaseThree -->
  <testcase classname="basic.IncludeExclude" name="testcaseTwo" time="0.0">
    <ignored/>
  </testcase> <!-- testcaseTwo -->
</testsuite> <!-- Test -->
